# JRE version: Java(TM) SE Runtime Environment (8.0_121-b13) (build 1.8.0_121-b13)
# Java VM: Java HotSpot(TM) 64-Bit Server VM (25.121-b13 mixed mode linux-amd64 compressed oops)
Heap:
 PSYoungGen      total 247808K, used 128K [0x00000000ec100000, 0x00000000fc000000, 0x0000000100000000)
  eden space 236544K, 0% used [0x00000000ec100000,0x00000000ec100000,0x00000000fa800000)
  from space 11264K, 1% used [0x00000000fa800000,0x00000000fa820000,0x00000000fb300000)
  to   space 11776K, 0% used [0x00000000fb300000,0x00000000fb300000,0x00000000fbe80000)
 ParOldGen       total 271872K, used 235755K [0x00000000c4200000, 0x00000000d4b80000, 0x00000000ec100000)
  object space 271872K, 86% used [0x00000000c4200000,0x00000000d283af38,0x00000000d4b80000)
 Metaspace       used 17722K, capacity 17982K, committed 18048K, reserved 1064960K
  class space    used 2087K, capacity 2167K, committed 2176K, reserved 1048576K
GC Heap History (10 events):
Event: 15.496 GC heap after
Heap after GC invocations=17 (full 1):
 PSYoungGen      total 185344K, used 64K [0x00000000ec100000, 0x00000000f8380000, 0x0000000100000000)
  eden space 172544K, 0% used [0x00000000ec100000,0x00000000ec100000,0x00000000f6980000)
  from space 12800K, 0% used [0x00000000f7700000,0x00000000f7710000,0x00000000f8380000)
  to   space 13312K, 0% used [0x00000000f6980000,0x00000000f6980000,0x00000000f7680000)
 ParOldGen       total 168960K, used 133331K [0x00000000c4200000, 0x00000000ce700000, 0x00000000ec100000)
  object space 168960K, 78% used [0x00000000c4200000,0x00000000cc434f28,0x00000000ce700000)
 Metaspace       used 17562K, capacity 17758K, committed 18048K, reserved 1064960K
  class space    used 2071K, capacity 2135K, committed 2176K, reserved 1048576K
}
Event: 15.840 GC heap before
{Heap before GC invocations=18 (full 1):
 PSYoungGen      total 185344K, used 172608K [0x00000000ec100000, 0x00000000f8380000, 0x0000000100000000)
  eden space 172544K, 100% used [0x00000000ec100000,0x00000000f6980000,0x00000000f6980000)
  from space 12800K, 0% used [0x00000000f7700000,0x00000000f7710000,0x00000000f8380000)
  to   space 13312K, 0% used [0x00000000f6980000,0x00000000f6980000,0x00000000f7680000)
 ParOldGen       total 168960K, used 133331K [0x00000000c4200000, 0x00000000ce700000, 0x00000000ec100000)
  object space 168960K, 78% used [0x00000000c4200000,0x00000000cc434f28,0x00000000ce700000)
 Metaspace       used 17562K, capacity 17758K, committed 18048K, reserved 1064960K
  class space    used 2071K, capacity 2135K, committed 2176K, reserved 1048576K
Event: 15.843 GC heap after
Heap after GC invocations=18 (full 1):
 PSYoungGen      total 185856K, used 32K [0x00000000ec100000, 0x00000000fa380000, 0x0000000100000000)
  eden space 172544K, 0% used [0x00000000ec100000,0x00000000ec100000,0x00000000f6980000)
  from space 13312K, 0% used [0x00000000f6980000,0x00000000f6988000,0x00000000f7680000)
  to   space 12800K, 0% used [0x00000000f9700000,0x00000000f9700000,0x00000000fa380000)
 ParOldGen       total 168960K, used 133339K [0x00000000c4200000, 0x00000000ce700000, 0x00000000ec100000)
  object space 168960K, 78% used [0x00000000c4200000,0x00000000cc436f28,0x00000000ce700000)
 Metaspace       used 17562K, capacity 17758K, committed 18048K, reserved 1064960K
  class space    used 2071K, capacity 2135K, committed 2176K, reserved 1048576K
}
Event: 17.424 GC heap before
{Heap before GC invocations=19 (full 1):
 PSYoungGen      total 185856K, used 172576K [0x00000000ec100000, 0x00000000fa380000, 0x0000000100000000)
  eden space 172544K, 100% used [0x00000000ec100000,0x00000000f6980000,0x00000000f6980000)
  from space 13312K, 0% used [0x00000000f6980000,0x00000000f6988000,0x00000000f7680000)
  to   space 12800K, 0% used [0x00000000f9700000,0x00000000f9700000,0x00000000fa380000)
 ParOldGen       total 271872K, used 235739K [0x00000000c4200000, 0x00000000d4b80000, 0x00000000ec100000)
  object space 271872K, 86% used [0x00000000c4200000,0x00000000d2836f38,0x00000000d4b80000)
 Metaspace       used 17720K, capacity 17982K, committed 18048K, reserved 1064960K
  class space    used 2087K, capacity 2167K, committed 2176K, reserved 1048576K
Event: 17.439 GC heap after
Heap after GC invocations=19 (full 1):
 PSYoungGen      total 211968K, used 219K [0x00000000ec100000, 0x00000000f9f80000, 0x0000000100000000)
  eden space 203264K, 0% used [0x00000000ec100000,0x00000000ec100000,0x00000000f8780000)
  from space 8704K, 2% used [0x00000000f9700000,0x00000000f9736e58,0x00000000f9f80000)
  to   space 12288K, 0% used [0x00000000f8780000,0x00000000f8780000,0x00000000f9380000)
 ParOldGen       total 271872K, used 235747K [0x00000000c4200000, 0x00000000d4b80000, 0x00000000ec100000)
  object space 271872K, 86% used [0x00000000c4200000,0x00000000d2838f38,0x00000000d4b80000)
 Metaspace       used 17720K, capacity 17982K, committed 18048K, reserved 1064960K
  class space    used 2087K, capacity 2167K, committed 2176K, reserved 1048576K
}
Event: 18.003 GC heap before
{Heap before GC invocations=20 (full 1):
 PSYoungGen      total 211968K, used 203483K [0x00000000ec100000, 0x00000000f9f80000, 0x0000000100000000)
  eden space 203264K, 100% used [0x00000000ec100000,0x00000000f8780000,0x00000000f8780000)
  from space 8704K, 2% used [0x00000000f9700000,0x00000000f9736e58,0x00000000f9f80000)
  to   space 12288K, 0% used [0x00000000f8780000,0x00000000f8780000,0x00000000f9380000)
 ParOldGen       total 271872K, used 235747K [0x00000000c4200000, 0x00000000d4b80000, 0x00000000ec100000)
  object space 271872K, 86% used [0x00000000c4200000,0x00000000d2838f38,0x00000000d4b80000)
 Metaspace       used 17720K, capacity 17982K, committed 18048K, reserved 1064960K
  class space    used 2087K, capacity 2167K, committed 2176K, reserved 1048576K
Event: 18.008 GC heap after
Heap after GC invocations=20 (full 1):
 PSYoungGen      total 215552K, used 96K [0x00000000ec100000, 0x00000000fbe80000, 0x0000000100000000)
  eden space 203264K, 0% used [0x00000000ec100000,0x00000000ec100000,0x00000000f8780000)
  from space 12288K, 0% used [0x00000000f8780000,0x00000000f8798000,0x00000000f9380000)
  to   space 11776K, 0% used [0x00000000fb300000,0x00000000fb300000,0x00000000fbe80000)
 ParOldGen       total 271872K, used 235747K [0x00000000c4200000, 0x00000000d4b80000, 0x00000000ec100000)
  object space 271872K, 86% used [0x00000000c4200000,0x00000000d2838f38,0x00000000d4b80000)
 Metaspace       used 17720K, capacity 17982K, committed 18048K, reserved 1064960K
  class space    used 2087K, capacity 2167K, committed 2176K, reserved 1048576K
}
Event: 18.399 GC heap before
{Heap before GC invocations=21 (full 1):
 PSYoungGen      total 215552K, used 203360K [0x00000000ec100000, 0x00000000fbe80000, 0x0000000100000000)
  eden space 203264K, 100% used [0x00000000ec100000,0x00000000f8780000,0x00000000f8780000)
  from space 12288K, 0% used [0x00000000f8780000,0x00000000f8798000,0x00000000f9380000)
  to   space 11776K, 0% used [0x00000000fb300000,0x00000000fb300000,0x00000000fbe80000)
 ParOldGen       total 271872K, used 235747K [0x00000000c4200000, 0x00000000d4b80000, 0x00000000ec100000)
  object space 271872K, 86% used [0x00000000c4200000,0x00000000d2838f38,0x00000000d4b80000)
 Metaspace       used 17720K, capacity 17982K, committed 18048K, reserved 1064960K
  class space    used 2087K, capacity 2167K, committed 2176K, reserved 1048576K
Event: 18.412 GC heap after
Heap after GC invocations=21 (full 1):
 PSYoungGen      total 248320K, used 128K [0x00000000ec100000, 0x00000000fc000000, 0x0000000100000000)
  eden space 236544K, 0% used [0x00000000ec100000,0x00000000ec100000,0x00000000fa800000)
  from space 11776K, 1% used [0x00000000fb300000,0x00000000fb320000,0x00000000fbe80000)
  to   space 11264K, 0% used [0x00000000fa800000,0x00000000fa800000,0x00000000fb300000)
 ParOldGen       total 271872K, used 235755K [0x00000000c4200000, 0x00000000d4b80000, 0x00000000ec100000)
  object space 271872K, 86% used [0x00000000c4200000,0x00000000d283af38,0x00000000d4b80000)
 Metaspace       used 17720K, capacity 17982K, committed 18048K, reserved 1064960K
  class space    used 2087K, capacity 2167K, committed 2176K, reserved 1048576K
}
Event: 22.724 GC heap before
{Heap before GC invocations=22 (full 1):
 PSYoungGen      total 248320K, used 236672K [0x00000000ec100000, 0x00000000fc000000, 0x0000000100000000)
  eden space 236544K, 100% used [0x00000000ec100000,0x00000000fa800000,0x00000000fa800000)
  from space 11776K, 1% used [0x00000000fb300000,0x00000000fb320000,0x00000000fbe80000)
  to   space 11264K, 0% used [0x00000000fa800000,0x00000000fa800000,0x00000000fb300000)
 ParOldGen       total 271872K, used 235755K [0x00000000c4200000, 0x00000000d4b80000, 0x00000000ec100000)
  object space 271872K, 86% used [0x00000000c4200000,0x00000000d283af38,0x00000000d4b80000)
 Metaspace       used 17722K, capacity 17982K, committed 18048K, reserved 1064960K
  class space    used 2087K, capacity 2167K, committed 2176K, reserved 1048576K

